<?xml version="1.0" encoding="UTF-8"?>
<!-- Generated by org.testng.reporters.JUnitXMLReporter -->
<testsuite hostname="DESKTOP-PFL7NA3" ignored="0" name="Surefire test" tests="7" failures="0" timestamp="12 mar 2021 12:50:35 GMT" time="71.255" errors="0">
  <testcase name="MensCatalogLinkTest" time="0.075" classname="com.levis.qa.testcases.HomePageTest"/>
  <testcase name="loginPageTitleTest" time="0.006" classname="com.levis.qa.testcases.LoginPageTest"/>
  <testcase name="WomensCatalogLinkTest" time="0.066" classname="com.levis.qa.testcases.HomePageTest"/>
  <testcase name="levisLogoTest" time="0.068" classname="com.levis.qa.testcases.LoginPageTest"/>
  <testcase name="KidsCatalogLinkTest" time="0.062" classname="com.levis.qa.testcases.HomePageTest"/>
  <testcase name="loginTest" time="2.395" classname="com.levis.qa.testcases.LoginPageTest"/>
  <testcase name="KidsCatalogTitleTest" time="1.424" classname="com.levis.qa.testcases.HomePageTest"/>
</testsuite> <!-- Surefire test -->
