<?xml version="1.0" encoding="UTF-8"?>
<!-- Generated by org.testng.reporters.JUnitXMLReporter -->
<testsuite ignored="0" hostname="DESKTOP-PFL7NA3" failures="0" tests="3" name="Default test" time="27.657" errors="0" timestamp="18 Mar 2021 19:51:00 GMT">
  <testcase classname="ar.com.levis.testcases.LoginPageTest" name="loginPageTitleTest" time="0.01"/>
  <testcase classname="ar.com.levis.testcases.LoginPageTest" name="levisLogoTest" time="0.04"/>
  <testcase classname="ar.com.levis.testcases.LoginPageTest" name="loginTest" time="2.163"/>
</testsuite> <!-- Default test -->
