<?xml version="1.0" encoding="UTF-8"?>
<testng-results ignored="0" total="2" passed="2" failed="0" skipped="0">
  <reporter-output>
  </reporter-output>
  <suite started-at="2021-03-19T22:18:45Z" name="Default suite" finished-at="2021-03-19T22:18:45Z" duration-ms="40">
    <groups>
    </groups>
    <test started-at="2021-03-19T22:18:45Z" name="Default test" finished-at="2021-03-19T22:18:45Z" duration-ms="40">
      <class name="ar.com.levis.testcases.CosoTest">
        <test-method is-config="true" signature="setUp()[pri:0, instance:ar.com.levis.testcases.CosoTest@a307a8c]" started-at="2021-03-19T19:18:45Z" name="setUp" finished-at="2021-03-19T19:18:45Z" duration-ms="8" status="PASS">
          <reporter-output>
          </reporter-output>
        </test-method> <!-- setUp -->
        <test-method signature="loginTest()[pri:1, instance:ar.com.levis.testcases.CosoTest@a307a8c]" started-at="2021-03-19T19:18:45Z" name="loginTest" finished-at="2021-03-19T19:18:45Z" duration-ms="5" status="PASS">
          <reporter-output>
          </reporter-output>
        </test-method> <!-- loginTest -->
        <test-method is-config="true" signature="tearDown()[pri:0, instance:ar.com.levis.testcases.CosoTest@a307a8c]" started-at="2021-03-19T19:18:45Z" name="tearDown" finished-at="2021-03-19T19:18:45Z" duration-ms="0" status="PASS">
          <reporter-output>
          </reporter-output>
        </test-method> <!-- tearDown -->
        <test-method signature="logi2nTest()[pri:2, instance:ar.com.levis.testcases.CosoTest@a307a8c]" started-at="2021-03-19T19:18:45Z" name="logi2nTest" finished-at="2021-03-19T19:18:45Z" duration-ms="1" status="PASS">
          <reporter-output>
          </reporter-output>
        </test-method> <!-- logi2nTest -->
        <test-method is-config="true" signature="setUp()[pri:0, instance:ar.com.levis.testcases.CosoTest@a307a8c]" started-at="2021-03-19T19:18:45Z" name="setUp" finished-at="2021-03-19T19:18:45Z" duration-ms="0" status="PASS">
          <reporter-output>
          </reporter-output>
        </test-method> <!-- setUp -->
        <test-method is-config="true" signature="tearDown()[pri:0, instance:ar.com.levis.testcases.CosoTest@a307a8c]" started-at="2021-03-19T19:18:45Z" name="tearDown" finished-at="2021-03-19T19:18:45Z" duration-ms="0" status="PASS">
          <reporter-output>
          </reporter-output>
        </test-method> <!-- tearDown -->
      </class> <!-- ar.com.levis.testcases.CosoTest -->
    </test> <!-- Default test -->
  </suite> <!-- Default suite -->
</testng-results>
