<?xml version="1.0" encoding="UTF-8"?>
<testng-results ignored="0" total="3" passed="3" failed="0" skipped="0">
  <reporter-output>
  </reporter-output>
  <suite started-at="2021-03-18T19:50:32Z" name="Default suite" finished-at="2021-03-18T19:51:00Z" duration-ms="27657">
    <groups>
    </groups>
    <test started-at="2021-03-18T19:50:32Z" name="Default test" finished-at="2021-03-18T19:51:00Z" duration-ms="27657">
      <class name="ar.com.levis.testcases.LoginPageTest">
        <test-method is-config="true" signature="setUp()[pri:0, instance:ar.com.levis.testcases.LoginPageTest@78a773fd]" started-at="2021-03-18T16:50:32Z" name="setUp" finished-at="2021-03-18T16:50:41Z" duration-ms="9071" status="PASS">
          <reporter-output>
          </reporter-output>
        </test-method> <!-- setUp -->
        <test-method signature="loginPageTitleTest()[pri:1, instance:ar.com.levis.testcases.LoginPageTest@78a773fd]" started-at="2021-03-18T16:50:41Z" name="loginPageTitleTest" finished-at="2021-03-18T16:50:41Z" duration-ms="10" status="PASS">
          <reporter-output>
          </reporter-output>
        </test-method> <!-- loginPageTitleTest -->
        <test-method is-config="true" signature="tearDown()[pri:0, instance:ar.com.levis.testcases.LoginPageTest@78a773fd]" started-at="2021-03-18T16:50:41Z" name="tearDown" finished-at="2021-03-18T16:50:42Z" duration-ms="672" status="PASS">
          <reporter-output>
          </reporter-output>
        </test-method> <!-- tearDown -->
        <test-method is-config="true" signature="setUp()[pri:0, instance:ar.com.levis.testcases.LoginPageTest@78a773fd]" started-at="2021-03-18T16:50:42Z" name="setUp" finished-at="2021-03-18T16:50:50Z" duration-ms="7736" status="PASS">
          <reporter-output>
          </reporter-output>
        </test-method> <!-- setUp -->
        <test-method signature="levisLogoTest()[pri:2, instance:ar.com.levis.testcases.LoginPageTest@78a773fd]" started-at="2021-03-18T16:50:50Z" name="levisLogoTest" finished-at="2021-03-18T16:50:50Z" duration-ms="40" status="PASS">
          <reporter-output>
          </reporter-output>
        </test-method> <!-- levisLogoTest -->
        <test-method is-config="true" signature="tearDown()[pri:0, instance:ar.com.levis.testcases.LoginPageTest@78a773fd]" started-at="2021-03-18T16:50:50Z" name="tearDown" finished-at="2021-03-18T16:50:51Z" duration-ms="679" status="PASS">
          <reporter-output>
          </reporter-output>
        </test-method> <!-- tearDown -->
        <test-method is-config="true" signature="setUp()[pri:0, instance:ar.com.levis.testcases.LoginPageTest@78a773fd]" started-at="2021-03-18T16:50:51Z" name="setUp" finished-at="2021-03-18T16:50:57Z" duration-ms="6587" status="PASS">
          <reporter-output>
          </reporter-output>
        </test-method> <!-- setUp -->
        <test-method signature="loginTest()[pri:3, instance:ar.com.levis.testcases.LoginPageTest@78a773fd]" started-at="2021-03-18T16:50:57Z" name="loginTest" finished-at="2021-03-18T16:50:59Z" duration-ms="2163" status="PASS">
          <reporter-output>
          </reporter-output>
        </test-method> <!-- loginTest -->
        <test-method is-config="true" signature="tearDown()[pri:0, instance:ar.com.levis.testcases.LoginPageTest@78a773fd]" started-at="2021-03-18T16:50:59Z" name="tearDown" finished-at="2021-03-18T16:51:00Z" duration-ms="678" status="PASS">
          <reporter-output>
          </reporter-output>
        </test-method> <!-- tearDown -->
      </class> <!-- ar.com.levis.testcases.LoginPageTest -->
    </test> <!-- Default test -->
  </suite> <!-- Default suite -->
</testng-results>
