<?xml version="1.0" encoding="UTF-8"?>
<!-- Generated by org.testng.reporters.JUnitXMLReporter -->
<testsuite ignored="0" hostname="DESKTOP-PFL7NA3" failures="0" tests="3" name="Levis Argentina Website Test Cases" time="38.672" errors="0" timestamp="12 Mar 2021 13:03:02 GMT">
  <testcase classname="com.levis.qa.testcases.LoginPageTest" name="levisLogoTest" time="0.044"/>
  <testcase classname="com.levis.qa.testcases.LoginPageTest" name="loginTest" time="3.159"/>
  <testcase classname="com.levis.qa.testcases.LoginPageTest" name="loginPageTitleTest" time="0.006"/>
</testsuite> <!-- Levis Argentina Website Test Cases -->
